{'dataset': {'name': 'SemanticKitti', 'version': None, 'path': '/home/data/SemanticKitti', 'rotate_aug': True, 'flip_aug': True, 'max_volume_space': [50, 3.1415926, 3], 'min_volume_space': [0, -3.1415926, -5], 'gt_generator': {'sigma': 5}, 'grid_size': [480, 360, 32], 'inst_aug': {'if_use': True, 'aug_type': 'contmix', 'inst_pkl_path': '/home/data/SemanticKitti/instance_path.pkl', 'inst_trans': True, 'inst_rotate': True, 'inst_flip': True, 'inst_add': True}, 'num_worker': 12, 'min_points': 15}, 'model': {'pix_fusion': True, 'pix_fusion_path': 'checkpoints/resnet18-5c106cde.pth', 'use_sara': True, 'use_att': False, 'use_cont': False, 'model_load_path': 'kitti_ckpts', 'model_save_path': 'kitti_ckpts', 'train_batch_size': 4, 'val_batch_size': 4, 'learning_rate': 0.004, 'LR_MILESTONES': [40, 60, 90], 'LR_GAMMA': 0.5, 'check_iter': 4000, 'max_epoch': 2, 'post_proc': {'threshold': 0.1, 'nms_kernel': 5, 'top_k': 100}, 'center_loss': 'MSE', 'offset_loss': 'L1', 'center_loss_weight': 100, 'offset_loss_weight': 10}}
epoch: 0   lr: 0.00400

epoch: 1   lr: 0.00400

Validation per class PQ, SQ, RQ, IoU, P, R (Cam): 
                 car :  91.37%   93.89%   97.31%   92.49%   97.70%   96.93%
             bicycle :  13.62%   61.28%   22.22%   12.26%   75.00%   13.04%
          motorcycle :  42.79%   88.25%   48.48%   53.00%   61.54%   40.00%
               truck :   0.00%    0.00%    0.00%    0.00%    0.00%    0.00%
                 bus :  46.34%   89.52%   51.76%   48.65%   50.57%   53.01%
              person :  59.12%   87.76%   67.36%   64.89%   81.25%   57.52%
           bicyclist :  60.37%   91.56%   65.93%   60.72%   96.77%   50.00%
        motorcyclist :   0.00%    0.00%    0.00%    0.00%    0.00%    0.00%
                road :  93.01%   94.08%   98.86%   93.67%   98.86%   98.86%
             parking :  16.01%   68.36%   23.42%   39.82%   16.39%   41.05%
            sidewalk :  63.29%   79.04%   80.08%   71.80%   78.39%   81.84%
        other-ground :   0.00%    0.00%    0.00%    0.22%    0.00%    0.00%
            building :  77.77%   88.24%   88.14%   85.97%   89.66%   86.67%
               fence :  27.32%   73.25%   37.30%   61.81%   33.16%   42.62%
          vegetation :  80.08%   84.58%   94.69%   85.15%   94.69%   94.69%
               trunk :  50.34%   77.94%   64.59%   64.98%   72.73%   58.09%
             terrain :  31.93%   72.72%   43.91%   63.81%   44.32%   43.51%
                pole :  65.30%   79.06%   82.60%   69.15%   81.40%   83.83%
        traffic-sign :  62.91%   82.23%   76.50%   42.78%   82.35%   71.43%
PQ 46.4  PQ_dagger  58.6  SQ 69.0  RQ 54.9  |  PQ_th 39.2  SQ_th 64.0  RQ_th 44.1  |  PQ_st 51.6  SQ_st 72.7  RQ_st 62.7  |  mIoU 53.2
Current val PQ is 46.4 while the best val PQ is 46.4
Current val miou is 53.2
Validation per class PQ, SQ, RQ, IoU, P, R (None): 
                 car :  88.83%   93.44%   95.07%   93.22%   96.10%   94.05%
             bicycle :   9.74%   71.55%   13.62%   14.60%   47.06%    7.96%
          motorcycle :  34.80%   84.22%   41.32%   46.09%   65.79%   30.12%
               truck :   9.38%   98.47%    9.52%    0.79%   50.00%    5.26%
                 bus :  31.51%   87.66%   35.95%   33.78%   43.03%   30.87%
              person :  30.27%   89.31%   33.90%   22.97%   81.40%   21.41%
           bicyclist :  72.44%   91.71%   78.99%   53.14%   97.92%   66.20%
        motorcyclist :   0.00%    0.00%    0.00%    0.00%    0.00%    0.00%
                road :  84.79%   88.48%   95.83%   87.23%   95.83%   95.83%
             parking :   9.60%   69.37%   13.84%   41.85%    9.11%   28.76%
            sidewalk :  68.19%   78.17%   87.24%   74.06%   86.91%   87.57%
        other-ground :   0.00%    0.00%    0.00%    0.24%    0.00%    0.00%
            building :  82.99%   87.62%   94.72%   86.16%   94.44%   94.99%
               fence :  22.73%   66.95%   33.94%   53.97%   31.99%   36.15%
          vegetation :  78.31%   83.71%   93.55%   81.37%   93.55%   93.55%
               trunk :  42.96%   72.09%   59.59%   62.19%   61.85%   57.49%
             terrain :  37.61%   70.83%   53.10%   58.39%   52.49%   53.73%
                pole :  57.69%   74.50%   77.43%   65.59%   76.69%   78.19%
        traffic-sign :  49.91%   77.53%   64.37%   48.17%   66.67%   62.22%
PQ 42.7  PQ_dagger  55.1  SQ 72.9  RQ 51.7  |  PQ_th 34.6  SQ_th 77.0  RQ_th 38.5  |  PQ_st 48.6  SQ_st 69.9  RQ_st 61.2  |  mIoU 48.6
Current val PQ is 42.7 while the best val PQ is 46.4
Current val miou is 48.6
epoch 1 iter   447, avg_loss: 1.0, semantic loss: 0.6, center loss: 0.2, offset loss: 0.1, instmap loss: 0.1, pix loss: nan

Validation per class iou: 
car : 94.06%
bicycle : 26.19%
motorcycle : 50.63%
truck : 17.79%
bus : 37.45%
person : 50.07%
bicyclist : 55.47%
motorcyclist : 0.06%
road : 88.56%
parking : 41.70%
sidewalk : 74.02%
other-ground : 0.23%
building : 87.06%
fence : 58.30%
vegetation : 81.97%
trunk : 64.18%
terrain : 58.88%
pole : 67.56%
traffic-sign : 60.07%
Current val miou is 53.4
