{'dataset': {'name': 'SemanticKitti', 'version': None, 'path': '/home/data/SemanticKitti', 'rotate_aug': True, 'flip_aug': True, 'max_volume_space': [50, 3.1415926, 3], 'min_volume_space': [0, -3.1415926, -5], 'gt_generator': {'sigma': 5}, 'grid_size': [480, 360, 32], 'inst_aug': {'if_use': True, 'aug_type': 'contmix', 'inst_pkl_path': '/home/data/SemanticKitti/instance_path.pkl', 'inst_trans': True, 'inst_rotate': True, 'inst_flip': True, 'inst_add': True}, 'num_worker': 12, 'min_points': 15}, 'model': {'pix_fusion': True, 'pix_fusion_path': 'checkpoints/resnet18-5c106cde.pth', 'use_sara': True, 'use_att': False, 'use_cont': False, 'model_load_path': 'kitti_ckpts', 'model_save_path': 'kitti_ckpts', 'train_batch_size': 4, 'val_batch_size': 4, 'learning_rate': 0.004, 'LR_MILESTONES': [40, 60, 90], 'LR_GAMMA': 0.5, 'check_iter': 4000, 'max_epoch': 2, 'post_proc': {'threshold': 0.1, 'nms_kernel': 5, 'top_k': 100}, 'center_loss': 'MSE', 'offset_loss': 'L1', 'center_loss_weight': 100, 'offset_loss_weight': 10}}
epoch: 0   lr: 0.00400

epoch: 1   lr: 0.00400

Validation per class PQ, SQ, RQ and IoU (Cam): 
                 car :  86.75%   91.39%   94.92%   87.17%
             bicycle :  40.00%   73.60%   54.35%   50.01%
          motorcycle :  42.29%   88.43%   47.83%   45.57%
               truck :  13.99%   81.15%   17.24%    3.76%
                 bus :  32.54%   86.16%   37.76%   18.94%
              person :  45.13%   81.33%   55.49%   50.36%
           bicyclist :  45.82%   92.84%   49.35%   31.98%
        motorcyclist :   0.00%    0.00%    0.00%    0.00%
                road :  90.48%   93.31%   96.96%   92.23%
             parking :   3.54%   60.45%    5.85%   16.40%
            sidewalk :  59.78%   78.75%   75.91%   67.49%
        other-ground :   0.00%    0.00%    0.00%    0.16%
            building :  73.84%   86.46%   85.40%   83.05%
               fence :  21.01%   71.33%   29.46%   50.00%
          vegetation :  75.52%   81.55%   92.60%   81.76%
               trunk :  43.73%   75.37%   58.03%   57.50%
             terrain :  29.89%   70.86%   42.19%   60.80%
                pole :  62.24%   78.89%   78.89%   64.22%
        traffic-sign :  64.30%   81.61%   78.79%   45.14%
PQ 43.7  PQ_dagger  57.1  SQ 72.3  RQ 52.7  |  PQ_th 38.3  SQ_th 74.4  RQ_th 44.6  |  PQ_st 47.7  SQ_st 70.8  RQ_st 58.6  |  mIoU 47.7
Current val PQ is 43.7 while the best val PQ is 43.7
Current val miou is 47.7
Validation per class PQ, SQ, RQ and IoU (None): 
                 car :  82.05%   90.75%   90.41%   89.25%
             bicycle :  22.42%   75.61%   29.65%   22.86%
          motorcycle :  33.55%   86.42%   38.82%   41.12%
               truck :   4.35%   79.47%    5.48%   18.46%
                 bus :  18.20%   83.09%   21.90%   18.63%
              person :  36.02%   84.24%   42.76%   33.26%
           bicyclist :  46.23%   88.01%   52.53%   26.08%
        motorcyclist :   0.00%    0.00%    0.00%    0.00%
                road :  82.54%   86.14%   95.83%   85.00%
             parking :   6.85%   63.97%   10.71%   29.52%
            sidewalk :  61.55%   74.97%   82.10%   68.58%
        other-ground :   0.00%    0.00%    0.00%    0.15%
            building :  79.35%   86.15%   92.12%   84.01%
               fence :  19.02%   67.13%   28.34%   49.75%
          vegetation :  78.67%   80.50%   97.72%   80.45%
               trunk :  36.43%   72.37%   50.34%   57.95%
             terrain :  37.78%   68.89%   54.84%   61.85%
                pole :  52.66%   73.56%   71.58%   61.25%
        traffic-sign :  43.20%   75.91%   56.91%   40.19%
PQ 39.0  PQ_dagger  52.2  SQ 70.4  RQ 48.5  |  PQ_th 30.4  SQ_th 73.4  RQ_th 35.2  |  PQ_st 45.3  SQ_st 68.1  RQ_st 58.2  |  mIoU 45.7
Current val PQ is 39.0 while the best val PQ is 43.7
Current val miou is 45.7
epoch 1 iter   447, avg_loss: 1.4, semantic loss: 0.7, center loss: 0.3, offset loss: 0.3, instmap loss: 0.1, pix loss: nan

Validation per class iou: 
car : 88.95%
bicycle : 25.75%
motorcycle : 38.71%
truck : 11.94%
bus : 20.84%
person : 46.69%
bicyclist : 23.60%
motorcyclist : 0.24%
road : 86.45%
parking : 28.58%
sidewalk : 68.55%
other-ground : 0.15%
building : 84.54%
fence : 50.51%
vegetation : 80.81%
trunk : 60.36%
terrain : 61.86%
pole : 63.55%
traffic-sign : 53.77%
Current val miou is 47.2
{'dataset': {'name': 'SemanticKitti', 'version': None, 'path': '/home/data/SemanticKitti', 'rotate_aug': True, 'flip_aug': True, 'max_volume_space': [50, 3.1415926, 3], 'min_volume_space': [0, -3.1415926, -5], 'gt_generator': {'sigma': 5}, 'grid_size': [480, 360, 32], 'inst_aug': {'if_use': True, 'aug_type': 'contmix', 'inst_pkl_path': '/home/data/SemanticKitti/instance_path.pkl', 'inst_trans': True, 'inst_rotate': True, 'inst_flip': True, 'inst_add': True}, 'num_worker': 12, 'min_points': 15}, 'model': {'pix_fusion': True, 'pix_fusion_path': 'checkpoints/resnet18-5c106cde.pth', 'use_sara': True, 'use_att': False, 'use_cont': False, 'model_load_path': 'kitti_ckpts', 'model_save_path': 'kitti_ckpts', 'train_batch_size': 4, 'val_batch_size': 4, 'learning_rate': 0.004, 'LR_MILESTONES': [40, 60, 90], 'LR_GAMMA': 0.5, 'check_iter': 4000, 'max_epoch': 2, 'post_proc': {'threshold': 0.1, 'nms_kernel': 5, 'top_k': 100}, 'center_loss': 'MSE', 'offset_loss': 'L1', 'center_loss_weight': 100, 'offset_loss_weight': 10}}
epoch: 0   lr: 0.00400

epoch: 1   lr: 0.00400

Validation per class PQ, SQ, RQ, IoU, P, R, TP, FP, FN (Total): 
{'dataset': {'name': 'SemanticKitti', 'version': None, 'path': '/home/data/SemanticKitti', 'rotate_aug': True, 'flip_aug': True, 'max_volume_space': [50, 3.1415926, 3], 'min_volume_space': [0, -3.1415926, -5], 'gt_generator': {'sigma': 5}, 'grid_size': [480, 360, 32], 'inst_aug': {'if_use': True, 'aug_type': 'contmix', 'inst_pkl_path': '/home/data/SemanticKitti/instance_path.pkl', 'inst_trans': True, 'inst_rotate': True, 'inst_flip': True, 'inst_add': True}, 'num_worker': 12, 'min_points': 15}, 'model': {'pix_fusion': True, 'pix_fusion_path': 'checkpoints/resnet18-5c106cde.pth', 'use_sara': True, 'use_att': False, 'use_cont': False, 'model_load_path': 'kitti_ckpts', 'model_save_path': 'kitti_ckpts', 'train_batch_size': 4, 'val_batch_size': 4, 'learning_rate': 0.004, 'LR_MILESTONES': [40, 60, 90], 'LR_GAMMA': 0.5, 'check_iter': 4000, 'max_epoch': 2, 'post_proc': {'threshold': 0.1, 'nms_kernel': 5, 'top_k': 100}, 'center_loss': 'MSE', 'offset_loss': 'L1', 'center_loss_weight': 100, 'offset_loss_weight': 10}}
epoch: 0   lr: 0.00400

epoch: 1   lr: 0.00400

{'dataset': {'name': 'SemanticKitti', 'version': None, 'path': '/home/data/SemanticKitti', 'rotate_aug': True, 'flip_aug': True, 'max_volume_space': [50, 3.1415926, 3], 'min_volume_space': [0, -3.1415926, -5], 'gt_generator': {'sigma': 5}, 'grid_size': [480, 360, 32], 'inst_aug': {'if_use': True, 'aug_type': 'contmix', 'inst_pkl_path': '/home/data/SemanticKitti/instance_path.pkl', 'inst_trans': True, 'inst_rotate': True, 'inst_flip': True, 'inst_add': True}, 'num_worker': 12, 'min_points': 15}, 'model': {'pix_fusion': True, 'pix_fusion_path': 'checkpoints/resnet18-5c106cde.pth', 'use_sara': True, 'use_att': False, 'use_cont': False, 'model_load_path': 'kitti_ckpts', 'model_save_path': 'kitti_ckpts', 'train_batch_size': 4, 'val_batch_size': 4, 'learning_rate': 0.004, 'LR_MILESTONES': [40, 60, 90], 'LR_GAMMA': 0.5, 'check_iter': 4000, 'max_epoch': 2, 'post_proc': {'threshold': 0.1, 'nms_kernel': 5, 'top_k': 100}, 'center_loss': 'MSE', 'offset_loss': 'L1', 'center_loss_weight': 100, 'offset_loss_weight': 10}}
epoch: 0   lr: 0.00400

epoch: 1   lr: 0.00400

Validation per class PQ, SQ, RQ, IoU, P, R (Cam): 
                 car :  90.72%   93.92%   96.59%   91.30%   96.18%   97.01%
             bicycle :  42.29%   75.52%   56.00%   47.27%   75.00%   44.68%
          motorcycle :  54.29%   93.50%   58.06%   42.42%   81.82%   45.00%
               truck :  44.67%   89.33%   50.00%   27.55%   87.50%   35.00%
                 bus :  40.66%   88.87%   45.75%   30.21%   50.72%   41.67%
              person :  64.37%   89.41%   72.00%   74.55%   83.72%   63.16%
           bicyclist :  79.77%   94.61%   84.31%   85.20%   97.73%   74.14%
        motorcyclist :   0.00%    0.00%    0.00%    0.00%    0.00%    0.00%
                road :  91.46%   93.59%   97.72%   92.57%   97.72%   97.72%
             parking :  14.46%   73.45%   19.69%   34.88%   19.39%   20.00%
            sidewalk :  62.95%   79.89%   78.79%   70.20%   77.20%   80.44%
        other-ground :   0.00%    0.00%    0.00%    0.27%    0.00%    0.00%
            building :  77.50%   87.90%   88.17%   85.92%   88.37%   87.97%
               fence :  25.13%   72.68%   34.58%   60.82%   30.23%   40.40%
          vegetation :  78.37%   83.94%   93.36%   83.13%   93.36%   93.36%
               trunk :  47.05%   78.21%   60.16%   59.85%   73.33%   50.99%
             terrain :  29.83%   70.05%   42.58%   56.23%   44.84%   40.55%
                pole :  64.03%   80.40%   79.65%   67.05%   81.07%   78.27%
        traffic-sign :  71.25%   84.56%   84.26%   50.79%   84.26%   84.26%
PQ 51.5  PQ_dagger  64.3  SQ 75.3  RQ 60.1  |  PQ_th 52.1  SQ_th 78.1  RQ_th 57.8  |  PQ_st 51.1  SQ_st 73.2  RQ_st 61.7  |  mIoU 55.8
Current val PQ is 51.5 while the best val PQ is 51.5
Current val miou is 55.8
Validation per class PQ, SQ, RQ, IoU, P, R (None): 
                 car :  89.79%   94.14%   95.38%   93.83%   95.31%   95.45%
             bicycle :  28.69%   78.63%   36.49%   35.89%   57.45%   26.73%
          motorcycle :  48.29%   90.91%   53.12%   50.85%   75.56%   40.96%
               truck :  66.04%   87.41%   75.56%   79.64%   68.00%   85.00%
                 bus :  30.02%   89.01%   33.72%   25.84%   51.33%   25.11%
              person :  57.75%   90.12%   64.08%   59.08%   76.47%   55.15%
           bicyclist :  74.40%   93.38%   79.67%   75.66%   98.00%   67.12%
        motorcyclist :  11.25%   67.52%   16.67%   19.86%   50.00%   10.00%
                road :  84.26%   88.63%   95.07%   87.05%   95.07%   95.07%
             parking :  13.03%   65.64%   19.85%   38.66%   16.25%   25.49%
            sidewalk :  68.67%   78.72%   87.24%   73.81%   86.91%   87.57%
        other-ground :   0.00%    0.00%    0.00%    1.08%    0.00%    0.00%
            building :  83.23%   87.88%   94.71%   85.79%   94.62%   94.80%
               fence :  23.35%   69.98%   33.37%   57.75%   31.65%   35.28%
          vegetation :  80.59%   83.44%   96.58%   82.60%   96.58%   96.58%
               trunk :  42.35%   73.05%   57.97%   61.88%   61.48%   54.85%
             terrain :  38.68%   71.57%   54.05%   62.02%   53.79%   54.31%
                pole :  57.58%   75.37%   76.39%   65.30%   76.85%   75.94%
        traffic-sign :  49.99%   77.15%   64.79%   51.34%   66.28%   63.37%
PQ 49.9  PQ_dagger  62.0  SQ 77.0  RQ 59.7  |  PQ_th 50.8  SQ_th 86.4  RQ_th 56.8  |  PQ_st 49.2  SQ_st 70.1  RQ_st 61.8  |  mIoU 58.3
Current val PQ is 49.9 while the best val PQ is 51.5
Current val miou is 58.3
epoch 1 iter   447, avg_loss: 1.0, semantic loss: 0.6, center loss: 0.2, offset loss: 0.1, instmap loss: 0.1, pix loss: nan

Validation per class iou: 
car : 93.95%
bicycle : 42.22%
motorcycle : 47.74%
truck : 57.62%
bus : 29.61%
person : 65.21%
bicyclist : 70.71%
motorcyclist : 9.06%
road : 88.17%
parking : 38.37%
sidewalk : 73.54%
other-ground : 0.99%
building : 86.36%
fence : 59.87%
vegetation : 82.90%
trunk : 63.05%
terrain : 61.72%
pole : 66.96%
traffic-sign : 62.99%
Current val miou is 57.9
{'dataset': {'name': 'SemanticKitti', 'version': None, 'path': '/home/data/SemanticKitti', 'rotate_aug': True, 'flip_aug': True, 'max_volume_space': [50, 3.1415926, 3], 'min_volume_space': [0, -3.1415926, -5], 'gt_generator': {'sigma': 5}, 'grid_size': [480, 360, 32], 'inst_aug': {'if_use': True, 'aug_type': 'contmix', 'inst_pkl_path': '/home/data/SemanticKitti/instance_path.pkl', 'inst_trans': True, 'inst_rotate': True, 'inst_flip': True, 'inst_add': True}, 'num_worker': 12, 'min_points': 15}, 'model': {'pix_fusion': True, 'pix_fusion_path': 'checkpoints/resnet18-5c106cde.pth', 'use_sara': True, 'use_att': False, 'use_cont': False, 'model_load_path': 'kitti_ckpts', 'model_save_path': 'kitti_ckpts', 'train_batch_size': 4, 'val_batch_size': 4, 'learning_rate': 0.004, 'LR_MILESTONES': [40, 60, 90], 'LR_GAMMA': 0.5, 'check_iter': 4000, 'max_epoch': 0, 'post_proc': {'threshold': 0.1, 'nms_kernel': 5, 'top_k': 100}, 'center_loss': 'MSE', 'offset_loss': 'L1', 'center_loss_weight': 100, 'offset_loss_weight': 10}}
epoch: 0   lr: 0.00400

Validation per class PQ, SQ, RQ and IoU: 
                 car :  90.96%   93.85%   96.92%   92.94%
             bicycle :  32.77%   78.53%   41.73%   40.11%
          motorcycle :  53.44%   91.02%   58.71%   64.49%
               truck :  54.41%   89.10%   61.07%   77.15%
                 bus :  40.34%   90.74%   44.46%   44.79%
              person :  61.18%   89.88%   68.07%   62.90%
           bicyclist :  79.24%   93.61%   84.64%   83.45%
        motorcyclist :   0.00%    0.00%    0.00%    0.00%
                road :  92.13%   93.46%   98.58%   92.74%
             parking :  14.69%   68.00%   21.60%   41.09%
            sidewalk :  75.03%   82.28%   91.18%   78.18%
        other-ground :   0.00%    0.00%    0.00%    1.32%
            building :  86.46%   90.02%   96.05%   89.12%
               fence :  15.27%   66.96%   22.81%   47.68%
          vegetation :  84.57%   85.85%   98.50%   86.08%
               trunk :  46.32%   72.52%   63.87%   63.73%
             terrain :  51.04%   73.34%   69.60%   69.58%
                pole :  57.66%   74.15%   77.77%   64.44%
        traffic-sign :  46.63%   75.45%   61.80%   43.55%
PQ 51.7  PQ_dagger  62.9  SQ 74.1  RQ 60.9  |  PQ_th 51.5  SQ_th 78.3  RQ_th 57.0  |  PQ_st 51.8  SQ_st 71.1  RQ_st 63.8  |  mIoU 60.2
Current val PQ is 51.7 while the best val PQ is 51.7
Current val miou is 60.2
Validation per class iou: 
car : 95.21%
bicycle : 42.24%
motorcycle : 67.07%
truck : 52.67%
bus : 44.92%
person : 69.23%
bicyclist : 82.62%
motorcyclist : 2.10%
road : 92.77%
parking : 41.13%
sidewalk : 78.30%
other-ground : 1.33%
building : 89.95%
fence : 52.77%
vegetation : 86.44%
trunk : 65.92%
terrain : 69.76%
pole : 66.41%
traffic-sign : 59.37%
Current val miou is 61.1
