{'dataset': {'name': 'SemanticKitti', 'version': None, 'path': '/home/data/SemanticKitti', 'rotate_aug': True, 'flip_aug': True, 'max_volume_space': [50, 3.1415926, 3], 'min_volume_space': [0, -3.1415926, -5], 'gt_generator': {'sigma': 5}, 'grid_size': [480, 360, 32], 'inst_aug': {'if_use': True, 'aug_type': 'contmix', 'inst_pkl_path': '/home/data/SemanticKitti/instance_path.pkl', 'inst_trans': True, 'inst_rotate': True, 'inst_flip': True, 'inst_add': True}, 'num_worker': 12, 'min_points': 15}, 'model': {'pix_fusion': True, 'pix_fusion_path': 'checkpoints/resnet18-5c106cde.pth', 'use_sara': True, 'use_att': False, 'use_cont': False, 'model_load_path': 'kitti_ckpts', 'model_save_path': 'kitti_ckpts', 'train_batch_size': 4, 'val_batch_size': 4, 'learning_rate': 0.004, 'LR_MILESTONES': [40, 60, 90], 'LR_GAMMA': 0.5, 'check_iter': 4000, 'max_epoch': 2, 'post_proc': {'threshold': 0.1, 'nms_kernel': 5, 'top_k': 100}, 'center_loss': 'MSE', 'offset_loss': 'L1', 'center_loss_weight': 100, 'offset_loss_weight': 10}}
epoch: 0   lr: 0.00400

epoch: 1   lr: 0.00400

Validation per class PQ, SQ, RQ, IoU, P, R (Cam): 
                 car :  91.54%   93.73%   97.66%   92.55%   98.15%   97.18%
             bicycle :  43.24%   79.65%   54.29%   32.46%   90.48%   38.78%
          motorcycle :  49.00%   92.35%   53.06%   40.99%   46.43%   61.90%
               truck :  42.75%   87.64%   48.78%   35.72%   47.62%   50.00%
                 bus :  47.82%   89.67%   53.33%   35.47%   67.92%   43.90%
              person :  64.75%   86.61%   74.76%   74.72%   82.80%   68.14%
           bicyclist :  65.54%   95.13%   68.89%   64.01%  100.00%   52.54%
        motorcyclist :   0.00%    0.00%    0.00%    0.00%    0.00%    0.00%
                road :  91.20%   93.69%   97.34%   92.50%   97.34%   97.34%
             parking :  11.79%   68.36%   17.24%   34.56%   12.82%   26.32%
            sidewalk :  62.75%   79.06%   79.37%   69.06%   78.14%   80.64%
        other-ground :   0.00%    0.00%    0.00%    0.11%    0.00%    0.00%
            building :  77.50%   88.20%   87.87%   85.95%   88.86%   86.89%
               fence :  28.00%   71.73%   39.03%   61.69%   35.64%   43.14%
          vegetation :  80.68%   84.87%   95.07%   85.74%   95.07%   95.07%
               trunk :  53.46%   77.65%   68.84%   67.94%   76.31%   62.71%
             terrain :  34.22%   73.42%   46.61%   66.73%   45.45%   47.84%
                pole :  64.04%   78.05%   82.05%   65.88%   80.96%   83.17%
        traffic-sign :  66.66%   81.74%   81.55%   48.12%   84.00%   79.25%
PQ 51.3  PQ_dagger  63.2  SQ 74.8  RQ 60.3  |  PQ_th 50.6  SQ_th 78.1  RQ_th 56.3  |  PQ_st 51.8  SQ_st 72.4  RQ_st 63.2  |  mIoU 55.5
Current val PQ is 51.3 while the best val PQ is 51.3
Current val miou is 55.5
Validation per class PQ, SQ, RQ, IoU, P, R (None): 
                 car :  87.32%   92.51%   94.39%   86.50%   95.63%   93.17%
             bicycle :  23.01%   75.16%   30.61%   24.82%   49.45%   22.17%
          motorcycle :  43.39%   89.57%   48.45%   50.08%   50.00%   46.99%
               truck :  62.78%   89.98%   69.77%   84.51%   62.50%   78.95%
                 bus :  28.22%   90.07%   31.33%   20.72%   51.49%   22.51%
              person :  46.29%   89.16%   51.91%   47.44%   85.31%   37.31%
           bicyclist :  59.32%   93.34%   63.55%   51.60%   94.44%   47.89%
        motorcyclist :   0.00%    0.00%    0.00%    0.00%    0.00%    0.00%
                road :  81.20%   89.34%   90.89%   85.53%   90.89%   90.89%
             parking :   8.43%   66.95%   12.59%   40.37%    8.59%   23.53%
            sidewalk :  67.53%   78.96%   85.52%   73.19%   85.20%   85.85%
        other-ground :   0.00%    0.00%    0.00%    0.18%    0.00%    0.00%
            building :  80.91%   86.57%   93.46%   84.81%   93.28%   93.64%
               fence :  20.21%   65.38%   30.91%   50.54%   29.32%   32.68%
          vegetation :  80.23%   82.91%   96.77%   82.21%   96.77%   96.77%
               trunk :  46.42%   74.06%   62.67%   64.57%   64.42%   61.01%
             terrain :  44.75%   71.04%   63.00%   64.54%   62.10%   63.92%
                pole :  56.54%   75.24%   75.15%   63.39%   74.56%   75.74%
        traffic-sign :  49.51%   77.34%   64.02%   49.88%   68.51%   60.07%
PQ 46.6  PQ_dagger  58.8  SQ 73.0  RQ 56.1  |  PQ_th 43.8  SQ_th 77.5  RQ_th 48.8  |  PQ_st 48.7  SQ_st 69.8  RQ_st 61.4  |  mIoU 53.9
Current val PQ is 46.6 while the best val PQ is 51.3
Current val miou is 53.9
epoch 1 iter   447, avg_loss: 1.1, semantic loss: 0.7, center loss: 0.2, offset loss: 0.1, instmap loss: 0.1, pix loss: nan

Validation per class iou: 
car : 94.26%
bicycle : 30.53%
motorcycle : 52.13%
truck : 51.87%
bus : 29.22%
person : 62.19%
bicyclist : 57.59%
motorcyclist : 0.00%
road : 86.96%
parking : 39.88%
sidewalk : 72.90%
other-ground : 0.17%
building : 85.78%
fence : 55.98%
vegetation : 82.67%
trunk : 65.15%
terrain : 64.77%
pole : 64.07%
traffic-sign : 57.10%
Current val miou is 55.4
