{'dataset': {'name': 'SemanticKitti', 'version': None, 'path': '/home/data/SemanticKitti', 'rotate_aug': True, 'flip_aug': True, 'max_volume_space': [50, 3.1415926, 3], 'min_volume_space': [0, -3.1415926, -5], 'gt_generator': {'sigma': 5}, 'grid_size': [480, 360, 32], 'inst_aug': {'if_use': True, 'aug_type': 'contmix', 'inst_pkl_path': '/home/data/SemanticKitti/instance_path.pkl', 'inst_trans': True, 'inst_rotate': True, 'inst_flip': True, 'inst_add': True}, 'num_worker': 12, 'min_points': 15}, 'model': {'pix_fusion': True, 'pix_fusion_path': 'checkpoints/resnet18-5c106cde.pth', 'use_sara': True, 'use_att': False, 'use_cont': False, 'model_load_path': 'kitti_ckpts', 'model_save_path': 'kitti_ckpts', 'train_batch_size': 4, 'val_batch_size': 4, 'learning_rate': 0.004, 'LR_MILESTONES': [40, 60, 90], 'LR_GAMMA': 0.5, 'check_iter': 4000, 'max_epoch': 2, 'post_proc': {'threshold': 0.1, 'nms_kernel': 5, 'top_k': 100}, 'center_loss': 'MSE', 'offset_loss': 'L1', 'center_loss_weight': 100, 'offset_loss_weight': 10}}
epoch: 0   lr: 0.00400

epoch: 1   lr: 0.00400

Validation per class PQ, SQ, RQ and IoU (Cam): 
                 car :  94.82%   96.62%   98.14%   95.16%
             bicycle :  66.08%   80.44%   82.14%   75.41%
          motorcycle :  60.19%   90.29%   66.67%   83.40%
               truck :  44.28%   92.99%   47.62%   38.40%
                 bus :  43.94%   88.66%   49.56%   34.92%
              person :  85.12%   93.98%   90.57%   84.00%
           bicyclist :  84.27%   97.58%   86.36%   94.09%
        motorcyclist :   0.00%    0.00%    0.00%    0.00%
                road :  91.35%   94.12%   97.06%   93.15%
             parking :  17.36%   74.64%   23.26%   41.00%
            sidewalk :  60.66%   82.73%   73.33%   70.88%
        other-ground :   0.00%    0.00%    0.00%    0.00%
            building :  81.58%   89.49%   91.16%   87.81%
               fence :  36.92%   75.75%   48.74%   67.25%
          vegetation :  80.82%   87.82%   92.03%   85.22%
               trunk :  55.43%   80.92%   68.50%   66.28%
             terrain :  37.66%   75.86%   49.64%   62.80%
                pole :  72.78%   85.08%   85.54%   63.64%
        traffic-sign :  73.90%   90.32%   81.82%   39.57%
PQ 57.2  PQ_dagger  69.2  SQ 77.8  RQ 64.8  |  PQ_th 59.8  SQ_th 80.1  RQ_th 65.1  |  PQ_st 55.3  SQ_st 76.1  RQ_st 64.6  |  mIoU 62.3
Current val PQ is 57.2 while the best val PQ is 57.2
Current val miou is 62.3
Validation per class PQ, SQ, RQ and IoU (None): 
                 car :  87.74%   91.85%   95.53%   92.45%
             bicycle :  38.20%   78.30%   48.79%   45.73%
          motorcycle :  50.08%   90.90%   55.09%   55.53%
               truck :  37.07%   85.26%   43.48%   71.53%
                 bus :  28.89%   87.51%   33.01%   24.43%
              person :  56.95%   89.63%   63.54%   53.07%
           bicyclist :  74.61%   92.26%   80.87%   67.83%
        motorcyclist :   0.00%    0.00%    0.00%    0.00%
                road :  82.15%   88.36%   92.98%   85.95%
             parking :  10.65%   67.42%   15.79%   40.80%
            sidewalk :  65.56%   77.14%   84.98%   72.30%
        other-ground :   0.00%    0.00%    0.00%    0.32%
            building :  80.37%   87.33%   92.03%   83.05%
               fence :  18.86%   65.22%   28.92%   46.62%
          vegetation :  79.05%   83.32%   94.88%   81.84%
               trunk :  40.19%   72.21%   55.65%   60.32%
             terrain :  34.33%   69.73%   49.23%   57.96%
                pole :  59.47%   73.91%   80.46%   67.03%
        traffic-sign :  49.21%   76.09%   64.67%   48.89%
PQ 47.0  PQ_dagger  59.7  SQ 72.4  RQ 56.8  |  PQ_th 46.7  SQ_th 77.0  RQ_th 52.5  |  PQ_st 47.3  SQ_st 69.2  RQ_st 60.0  |  mIoU 55.6
Current val PQ is 47.0 while the best val PQ is 57.2
Current val miou is 55.6
epoch 1 iter   447, avg_loss: 1.1, semantic loss: 0.7, center loss: 0.2, offset loss: 0.1, instmap loss: 0.1, pix loss: nan

Validation per class iou: 
car : 94.03%
bicycle : 45.49%
motorcycle : 56.81%
truck : 53.01%
bus : 26.19%
person : 66.28%
bicyclist : 75.18%
motorcyclist : 0.50%
road : 87.56%
parking : 40.85%
sidewalk : 72.27%
other-ground : 0.29%
building : 84.19%
fence : 52.26%
vegetation : 82.55%
trunk : 64.33%
terrain : 58.56%
pole : 69.12%
traffic-sign : 63.38%
Current val miou is 57.5
{'dataset': {'name': 'SemanticKitti', 'version': None, 'path': '/home/data/SemanticKitti', 'rotate_aug': True, 'flip_aug': True, 'max_volume_space': [50, 3.1415926, 3], 'min_volume_space': [0, -3.1415926, -5], 'gt_generator': {'sigma': 5}, 'grid_size': [480, 360, 32], 'inst_aug': {'if_use': True, 'aug_type': 'contmix', 'inst_pkl_path': '/home/data/SemanticKitti/instance_path.pkl', 'inst_trans': True, 'inst_rotate': True, 'inst_flip': True, 'inst_add': True}, 'num_worker': 12, 'min_points': 15}, 'model': {'pix_fusion': True, 'pix_fusion_path': 'checkpoints/resnet18-5c106cde.pth', 'use_sara': True, 'use_att': False, 'use_cont': False, 'model_load_path': 'kitti_ckpts', 'model_save_path': 'kitti_ckpts', 'train_batch_size': 4, 'val_batch_size': 4, 'learning_rate': 0.004, 'LR_MILESTONES': [40, 60, 90], 'LR_GAMMA': 0.5, 'check_iter': 4000, 'max_epoch': 2, 'post_proc': {'threshold': 0.1, 'nms_kernel': 5, 'top_k': 100}, 'center_loss': 'MSE', 'offset_loss': 'L1', 'center_loss_weight': 100, 'offset_loss_weight': 10}}
epoch: 0   lr: 0.00400

epoch: 1   lr: 0.00400

Validation per class PQ, SQ, RQ, IoU, P, R (Total): 
                 car :  88.02%   92.99%   94.66%   90.47%   95.90%   93.44%
             bicycle :  29.73%   78.56%   37.84%   40.63%   56.45%   28.46%
          motorcycle :  37.71%   87.68%   43.01%   57.45%   47.06%   39.60%
               truck :  41.93%   89.33%   46.94%   59.10%   36.51%   65.71%
                 bus :  29.21%   86.50%   33.77%   25.01%   38.08%   30.33%
              person :  50.03%   89.25%   56.06%   52.56%   81.14%   42.82%
           bicyclist :  72.74%   92.30%   78.81%   79.91%   85.32%   73.23%
        motorcyclist :   0.00%    0.00%    0.00%    0.00%    0.00%    0.00%
                road :  83.50%   89.26%   93.55%   86.71%   93.55%   93.55%
             parking :   7.23%   65.11%   11.11%   38.37%    7.45%   21.82%
            sidewalk :  64.98%   76.70%   84.71%   71.45%   84.63%   84.79%
        other-ground :   0.00%    0.00%    0.00%    0.19%    0.00%    0.00%
            building :  79.46%   86.05%   92.34%   83.25%   91.98%   92.69%
               fence :  18.06%   66.39%   27.21%   48.31%   26.00%   28.54%
          vegetation :  83.57%   83.88%   99.62%   84.89%   99.62%   99.62%
               trunk :  37.86%   70.02%   54.07%   59.16%   54.58%   53.56%
             terrain :  41.74%   73.25%   56.98%   69.77%   56.76%   57.20%
                pole :  52.22%   72.90%   71.63%   62.51%   71.70%   71.56%
        traffic-sign :  46.65%   74.71%   62.44%   41.72%   63.86%   61.07%
PQ 45.5  PQ_dagger  58.3  SQ 72.4  RQ 55.0  |  PQ_th 43.7  SQ_th 77.1  RQ_th 48.9  |  PQ_st 46.8  SQ_st 68.9  RQ_st 59.4  |  mIoU 55.3
Current val PQ is 45.5 while the best val PQ is 45.5
Current val miou is 55.3
Validation per class PQ, SQ, RQ, IoU, P, R (Cam): 
                 car :  90.86%   93.59%   97.09%   91.74%   98.64%   95.58%
             bicycle :  46.75%   82.37%   56.76%   51.35%   77.78%   44.68%
          motorcycle :  45.86%   89.16%   51.43%   63.86%   64.29%   42.86%
               truck :  45.12%   90.24%   50.00%   25.50%   56.25%   45.00%
                 bus :  35.47%   86.84%   40.84%   29.72%   36.11%   46.99%
              person :  62.81%   90.98%   69.04%   72.70%   81.93%   59.65%
           bicyclist :  75.10%   93.88%   80.00%   84.06%   91.30%   71.19%
        motorcyclist :   0.00%    0.00%    0.00%    0.00%    0.00%    0.00%
                road :  89.37%   93.27%   95.83%   90.95%   95.83%   95.83%
             parking :  10.02%   70.35%   14.24%   35.78%   10.28%   23.16%
            sidewalk :  60.60%   78.88%   76.83%   66.73%   75.29%   78.44%
        other-ground :   0.79%  100.00%    0.79%    0.29%    0.48%    2.27%
            building :  73.83%   87.10%   84.77%   82.40%   84.03%   85.52%
               fence :  21.35%   70.80%   30.16%   51.84%   25.28%   37.37%
          vegetation :  80.50%   83.51%   96.39%   85.03%   96.39%   96.39%
               trunk :  48.94%   76.99%   63.57%   63.23%   68.99%   58.94%
             terrain :  33.23%   73.97%   44.93%   67.15%   45.56%   44.32%
                pole :  64.83%   79.16%   81.90%   66.51%   82.83%   80.99%
        traffic-sign :  65.13%   83.27%   78.22%   47.30%   81.44%   75.24%
PQ 50.0  PQ_dagger  68.4  SQ 80.2  RQ 58.6  |  PQ_th 50.2  SQ_th 78.4  RQ_th 55.6  |  PQ_st 49.9  SQ_st 81.6  RQ_st 60.7  |  mIoU 56.6
Current val PQ is 50.0 while the best val PQ is 50.0
Current val miou is 56.6
Validation per class PQ, SQ, RQ, IoU, P, R (None): 
                 car :  87.33%   93.08%   93.83%   90.25%   94.64%   93.03%
             bicycle :  26.43%   77.74%   34.00%   39.03%   51.52%   25.37%
          motorcycle :  36.57%   86.44%   42.31%   56.72%   45.21%   39.76%
               truck :  47.33%   90.92%   52.05%   65.81%   35.85%   95.00%
                 bus :  27.55%   86.85%   31.72%   23.61%   41.55%   25.65%
              person :  45.48%   88.37%   51.46%   47.81%   80.92%   37.73%
           bicyclist :  72.85%   91.71%   79.43%   78.25%   82.35%   76.71%
        motorcyclist :   0.00%    0.00%    0.00%    0.00%    0.00%    0.00%
                road :  81.31%   88.72%   91.65%   85.65%   91.65%   91.65%
             parking :   7.67%   65.43%   11.73%   38.59%    7.81%   23.53%
            sidewalk :  65.26%   76.65%   85.14%   71.95%   84.82%   85.47%
        other-ground :   0.00%    0.00%    0.00%    0.17%    0.00%    0.00%
            building :  79.16%   86.00%   92.04%   83.31%   91.60%   92.49%
               fence :  18.40%   66.36%   27.73%   47.93%   26.05%   29.65%
          vegetation :  83.41%   83.88%   99.43%   84.88%   99.43%   99.43%
               trunk :  38.00%   70.53%   53.88%   58.77%   54.24%   53.52%
             terrain :  42.89%   73.36%   58.47%   69.97%   57.74%   59.22%
                pole :  52.72%   73.59%   71.64%   61.88%   72.58%   70.73%
        traffic-sign :  47.64%   76.36%   62.38%   41.11%   64.96%   60.00%
PQ 45.3  PQ_dagger  58.1  SQ 72.4  RQ 54.7  |  PQ_th 42.9  SQ_th 76.9  RQ_th 48.1  |  PQ_st 47.0  SQ_st 69.2  RQ_st 59.5  |  mIoU 55.0
Current val PQ is 45.3 while the best val PQ is 50.0
Current val miou is 55.0
epoch 1 iter   447, avg_loss: 1.1, semantic loss: 0.7, center loss: 0.2, offset loss: 0.1, instmap loss: 0.1, pix loss: nan

Validation per class iou: 
car : 93.56%
bicycle : 42.10%
motorcycle : 51.28%
truck : 46.01%
bus : 28.94%
person : 62.66%
bicyclist : 74.43%
motorcyclist : 1.21%
road : 86.74%
parking : 38.39%
sidewalk : 71.55%
other-ground : 0.19%
building : 83.77%
fence : 50.97%
vegetation : 85.57%
trunk : 63.29%
terrain : 69.94%
pole : 64.91%
traffic-sign : 57.88%
Current val miou is 56.5
{'dataset': {'name': 'SemanticKitti', 'version': None, 'path': '/home/data/SemanticKitti', 'rotate_aug': True, 'flip_aug': True, 'max_volume_space': [50, 3.1415926, 3], 'min_volume_space': [0, -3.1415926, -5], 'gt_generator': {'sigma': 5}, 'grid_size': [480, 360, 32], 'inst_aug': {'if_use': True, 'aug_type': 'contmix', 'inst_pkl_path': '/home/data/SemanticKitti/instance_path.pkl', 'inst_trans': True, 'inst_rotate': True, 'inst_flip': True, 'inst_add': True}, 'num_worker': 12, 'min_points': 15}, 'model': {'pix_fusion': True, 'pix_fusion_path': 'checkpoints/resnet18-5c106cde.pth', 'use_sara': True, 'use_att': False, 'use_cont': False, 'model_load_path': 'kitti_ckpts', 'model_save_path': 'kitti_ckpts', 'train_batch_size': 4, 'val_batch_size': 4, 'learning_rate': 0.004, 'LR_MILESTONES': [40, 60, 90], 'LR_GAMMA': 0.5, 'check_iter': 4000, 'max_epoch': 2, 'post_proc': {'threshold': 0.1, 'nms_kernel': 5, 'top_k': 100}, 'center_loss': 'MSE', 'offset_loss': 'L1', 'center_loss_weight': 100, 'offset_loss_weight': 10}}
epoch: 0   lr: 0.00400

epoch: 1   lr: 0.00400

Validation per class PQ, SQ, RQ, IoU, P, R (Cam): 
                 car :  90.85%   93.59%   97.07%   93.03%   98.70%   95.49%
             bicycle :  35.95%   78.25%   45.95%   45.53%   68.00%   34.69%
          motorcycle :  43.82%   91.62%   47.83%   49.88%   44.00%   52.38%
               truck :  40.44%   85.38%   47.37%   49.68%   50.00%   45.00%
                 bus :  48.93%   91.09%   53.71%   55.86%   51.65%   55.95%
              person :  65.33%   88.96%   73.43%   77.09%   82.61%   66.09%
           bicyclist :  55.86%   93.45%   59.77%   42.51%   92.86%   44.07%
        motorcyclist :   0.00%    0.00%    0.00%    0.00%    0.00%    0.00%
                road :  84.99%   92.93%   91.46%   88.37%   91.46%   91.46%
             parking :   9.81%   68.66%   14.29%   35.11%   10.13%   24.21%
            sidewalk :  57.69%   79.44%   72.62%   61.61%   71.43%   73.85%
        other-ground :   0.00%    0.00%    0.00%    0.40%    0.00%    0.00%
            building :  73.48%   85.86%   85.58%   81.65%   88.21%   83.11%
               fence :  24.12%   70.75%   34.09%   58.41%   29.48%   40.40%
          vegetation :  75.07%   82.76%   90.70%   79.95%   90.70%   90.70%
               trunk :  52.81%   76.92%   68.66%   65.34%   78.97%   60.73%
             terrain :  18.63%   67.53%   27.59%   44.50%   28.61%   26.65%
                pole :  65.07%   79.50%   81.85%   67.63%   80.77%   82.96%
        traffic-sign :  65.07%   82.85%   78.53%   46.04%   84.27%   73.53%
PQ 47.8  PQ_dagger  61.5  SQ 74.2  RQ 56.3  |  PQ_th 47.6  SQ_th 77.8  RQ_th 53.1  |  PQ_st 47.9  SQ_st 71.6  RQ_st 58.7  |  mIoU 54.9
Current val PQ is 47.8 while the best val PQ is 47.8
Current val miou is 54.9
Validation per class PQ, SQ, RQ, IoU, P, R (None): 
                 car :  87.64%   93.21%   94.02%   91.23%   95.95%   92.17%
             bicycle :  21.21%   76.05%   27.89%   23.91%   44.57%   20.30%
          motorcycle :  46.19%   90.60%   50.98%   41.33%   55.71%   46.99%
               truck :  61.22%   88.43%   69.23%   63.67%   56.25%   90.00%
                 bus :  28.64%   86.57%   33.08%   38.41%   39.29%   28.57%
              person :  44.22%   91.46%   48.35%   41.95%   85.27%   33.74%
           bicyclist :  64.94%   92.00%   70.59%   44.00%   87.50%   59.15%
        motorcyclist :   0.00%    0.00%    0.00%    0.00%    0.00%    0.00%
                road :  77.29%   86.85%   88.99%   83.35%   88.99%   88.99%
             parking :   8.55%   66.52%   12.85%   37.07%    8.45%   26.80%
            sidewalk :  54.16%   73.28%   73.90%   63.90%   73.62%   74.19%
        other-ground :   0.00%    0.00%    0.00%    0.48%    0.00%    0.00%
            building :  73.43%   84.31%   87.09%   77.55%   87.09%   87.09%
               fence :  15.50%   63.34%   24.47%   45.25%   22.96%   26.19%
          vegetation :  67.56%   78.60%   85.96%   72.98%   85.96%   85.96%
               trunk :  40.54%   72.18%   56.16%   59.49%   58.29%   54.19%
             terrain :  13.26%   62.72%   21.14%   30.65%   20.92%   21.37%
                pole :  56.01%   74.88%   74.80%   64.72%   74.66%   74.95%
        traffic-sign :  47.25%   76.24%   61.98%   50.58%   63.92%   60.15%
PQ 42.5  PQ_dagger  57.5  SQ 71.4  RQ 51.7  |  PQ_th 44.3  SQ_th 77.3  RQ_th 49.3  |  PQ_st 41.2  SQ_st 67.2  RQ_st 53.4  |  mIoU 49.0
Current val PQ is 42.5 while the best val PQ is 47.8
Current val miou is 49.0
epoch 1 iter   447, avg_loss: 1.1, semantic loss: 0.7, center loss: 0.2, offset loss: 0.1, instmap loss: 0.1, pix loss: nan

Validation per class iou: 
car : 92.82%
bicycle : 32.11%
motorcycle : 40.95%
truck : 34.02%
bus : 33.97%
person : 60.54%
bicyclist : 44.94%
motorcyclist : 0.94%
road : 84.38%
parking : 36.95%
sidewalk : 63.82%
other-ground : 0.47%
building : 80.48%
fence : 50.59%
vegetation : 73.77%
trunk : 63.78%
terrain : 31.69%
pole : 67.41%
traffic-sign : 62.55%
Current val miou is 50.3
