{'dataset': {'name': 'SemanticKitti', 'version': None, 'path': '/home/data/SemanticKitti', 'rotate_aug': True, 'flip_aug': True, 'max_volume_space': [50, 3.1415926, 3], 'min_volume_space': [0, -3.1415926, -5], 'gt_generator': {'sigma': 5}, 'grid_size': [480, 360, 32], 'inst_aug': {'if_use': True, 'aug_type': 'contmix', 'inst_pkl_path': '/home/data/SemanticKitti/instance_path.pkl', 'inst_trans': True, 'inst_rotate': True, 'inst_flip': True, 'inst_add': True}, 'num_worker': 12, 'min_points': 15}, 'model': {'pix_fusion': True, 'pix_fusion_path': 'checkpoints/resnet18-5c106cde.pth', 'use_sara': True, 'use_att': False, 'use_cont': False, 'model_load_path': 'kitti_ckpts', 'model_save_path': 'kitti_ckpts', 'train_batch_size': 4, 'val_batch_size': 4, 'learning_rate': 0.004, 'LR_MILESTONES': [40, 60, 90], 'LR_GAMMA': 0.5, 'check_iter': 4000, 'max_epoch': 2, 'post_proc': {'threshold': 0.1, 'nms_kernel': 5, 'top_k': 100}, 'center_loss': 'MSE', 'offset_loss': 'L1', 'center_loss_weight': 100, 'offset_loss_weight': 10}}
epoch: 0   lr: 0.00400

epoch: 1   lr: 0.00400

{'dataset': {'name': 'SemanticKitti', 'version': None, 'path': '/home/data/SemanticKitti', 'rotate_aug': True, 'flip_aug': True, 'max_volume_space': [50, 3.1415926, 3], 'min_volume_space': [0, -3.1415926, -5], 'gt_generator': {'sigma': 5}, 'grid_size': [480, 360, 32], 'inst_aug': {'if_use': True, 'aug_type': 'contmix', 'inst_pkl_path': '/home/data/SemanticKitti/instance_path.pkl', 'inst_trans': True, 'inst_rotate': True, 'inst_flip': True, 'inst_add': True}, 'num_worker': 12, 'min_points': 15}, 'model': {'pix_fusion': True, 'pix_fusion_path': 'checkpoints/resnet18-5c106cde.pth', 'use_sara': True, 'use_att': False, 'use_cont': False, 'model_load_path': 'kitti_ckpts', 'model_save_path': 'kitti_ckpts', 'train_batch_size': 4, 'val_batch_size': 4, 'learning_rate': 0.004, 'LR_MILESTONES': [40, 60, 90], 'LR_GAMMA': 0.5, 'check_iter': 4000, 'max_epoch': 2, 'post_proc': {'threshold': 0.1, 'nms_kernel': 5, 'top_k': 100}, 'center_loss': 'MSE', 'offset_loss': 'L1', 'center_loss_weight': 100, 'offset_loss_weight': 10}}
epoch: 0   lr: 0.00400

epoch: 1   lr: 0.00400

Validation per class PQ, SQ, RQ, IoU, P, R (Cam): 
                 car :  91.27%   93.92%   97.19%   93.07%   96.87%   97.51%
             bicycle :  45.52%   75.20%   60.53%   51.92%   82.14%   47.92%
          motorcycle :  47.82%   86.08%   55.56%   47.58%   66.67%   47.62%
               truck :  34.23%   89.00%   38.46%   24.97%   83.33%   25.00%
                 bus :  42.49%   91.24%   46.58%   44.69%   53.12%   41.46%
              person :  63.09%   88.42%   71.35%   74.12%   92.96%   57.89%
           bicyclist :  82.60%   94.84%   87.10%   91.41%   84.38%   90.00%
        motorcyclist :   0.00%    0.00%    0.00%    0.00%    0.00%    0.00%
                road :  88.94%   93.18%   95.45%   90.93%   95.45%   95.45%
             parking :  12.74%   66.49%   19.16%   33.83%   15.06%   26.32%
            sidewalk :  61.09%   78.59%   77.73%   67.28%   76.10%   79.44%
        other-ground :   0.00%    0.00%    0.00%    0.15%    0.00%    0.00%
            building :  76.22%   87.97%   86.64%   84.80%   86.64%   86.64%
               fence :  25.76%   73.53%   35.03%   60.09%   29.81%   42.47%
          vegetation :  79.43%   84.74%   93.74%   84.52%   93.74%   93.74%
               trunk :  50.00%   78.85%   63.41%   65.05%   73.80%   55.59%
             terrain :  32.79%   71.83%   45.65%   63.63%   46.57%   44.77%
                pole :  64.24%   79.34%   80.96%   66.84%   82.01%   79.95%
        traffic-sign :  69.40%   84.27%   82.35%   48.57%   82.73%   81.98%
PQ 50.9  PQ_dagger  63.5  SQ 74.6  RQ 59.8  |  PQ_th 50.9  SQ_th 77.3  RQ_th 57.1  |  PQ_st 51.0  SQ_st 72.6  RQ_st 61.8  |  mIoU 57.5
Current val PQ is 50.9 while the best val PQ is 50.9
Current val miou is 57.5
Validation per class PQ, SQ, RQ, IoU, P, R (None): 
                 car :  89.79%   94.03%   95.48%   93.81%   95.21%   95.76%
             bicycle :  29.36%   77.80%   37.74%   35.42%   53.57%   29.13%
          motorcycle :  41.32%   87.36%   47.30%   60.68%   53.85%   42.17%
               truck :  42.08%   77.14%   54.55%   82.00%   64.29%   47.37%
                 bus :  26.76%   87.10%   30.72%   23.80%   55.06%   21.30%
              person :  52.82%   90.40%   58.43%   50.83%   82.32%   45.29%
           bicyclist :  77.66%   90.82%   85.52%   79.00%   88.57%   82.67%
        motorcyclist :   0.00%    0.00%    0.00%    0.00%    0.00%    0.00%
                road :  84.27%   88.47%   95.26%   87.01%   95.26%   95.26%
             parking :  11.57%   67.88%   17.04%   40.95%   12.35%   27.45%
            sidewalk :  68.62%   78.32%   87.62%   74.23%   87.29%   87.95%
        other-ground :   0.00%    0.00%    0.00%    0.72%    0.00%    0.00%
            building :  80.99%   87.36%   92.71%   85.18%   92.35%   93.06%
               fence :  26.13%   68.90%   37.93%   57.22%   35.69%   40.48%
          vegetation :  81.57%   84.12%   96.96%   83.20%   96.96%   96.96%
               trunk :  45.00%   73.65%   61.10%   63.52%   63.57%   58.81%
             terrain :  43.06%   72.61%   59.30%   65.35%   58.62%   60.00%
                pole :  57.50%   74.87%   76.80%   63.17%   77.18%   76.42%
        traffic-sign :  50.68%   77.19%   65.65%   49.19%   68.38%   63.14%
PQ 47.9  PQ_dagger  59.6  SQ 72.5  RQ 57.9  |  PQ_th 45.0  SQ_th 75.6  RQ_th 51.2  |  PQ_st 49.9  SQ_st 70.3  RQ_st 62.8  |  mIoU 57.6
Current val PQ is 47.9 while the best val PQ is 50.9
Current val miou is 57.6
epoch 1 iter   447, avg_loss: 1.0, semantic loss: 0.6, center loss: 0.2, offset loss: 0.1, instmap loss: 0.1, pix loss: nan

Validation per class iou: 
car : 94.27%
bicycle : 38.79%
motorcycle : 53.96%
truck : 44.63%
bus : 30.32%
person : 66.86%
bicyclist : 81.56%
motorcyclist : 0.42%
road : 87.81%
parking : 40.39%
sidewalk : 73.60%
other-ground : 0.65%
building : 85.61%
fence : 59.40%
vegetation : 83.55%
trunk : 64.33%
terrain : 65.33%
pole : 64.87%
traffic-sign : 62.02%
Current val miou is 57.8
